e:\bamboosvn\winl-wp492-job1\source\commapitestclients\vcclient\prounicoderelease\vcclient.bsc
e:\bamboosvn\winl-wp492-job1\source\commapitestclients\vcclient\prounicoderelease\vcclient.pch
e:\bamboosvn\winl-wp492-job1\source\commapitestclients\vcclient\prounicoderelease\vc142.pdb
e:\bamboosvn\winl-wp492-job1\source\commapitestclients\vcclient\prounicoderelease\stdafx.sbr
e:\bamboosvn\winl-wp492-job1\source\commapitestclients\vcclient\prounicoderelease\stdafx.obj
e:\bamboosvn\winl-wp492-job1\source\commapitestclients\vcclient\prounicoderelease\clientclass.sbr
e:\bamboosvn\winl-wp492-job1\source\commapitestclients\vcclient\prounicoderelease\dlgadvcontrol.sbr
e:\bamboosvn\winl-wp492-job1\source\commapitestclients\vcclient\prounicoderelease\dlgpointcontrol.sbr
e:\bamboosvn\winl-wp492-job1\source\commapitestclients\vcclient\prounicoderelease\dlgproxy.sbr
e:\bamboosvn\winl-wp492-job1\source\commapitestclients\vcclient\prounicoderelease\dlgreadertimezone.sbr
e:\bamboosvn\winl-wp492-job1\source\commapitestclients\vcclient\prounicoderelease\vcclient.sbr
e:\bamboosvn\winl-wp492-job1\source\commapitestclients\vcclient\prounicoderelease\vcclientdlg.sbr
e:\bamboosvn\winl-wp492-job1\source\commapitestclients\vcclient\prounicoderelease\wpcommlogindlg.sbr
e:\bamboosvn\winl-wp492-job1\source\commapitestclients\vcclient\prounicoderelease\wpcommlogindlg.obj
e:\bamboosvn\winl-wp492-job1\source\commapitestclients\vcclient\prounicoderelease\vcclientdlg.obj
e:\bamboosvn\winl-wp492-job1\source\commapitestclients\vcclient\prounicoderelease\vcclient.obj
e:\bamboosvn\winl-wp492-job1\source\commapitestclients\vcclient\prounicoderelease\dlgreadertimezone.obj
e:\bamboosvn\winl-wp492-job1\source\commapitestclients\vcclient\prounicoderelease\dlgproxy.obj
e:\bamboosvn\winl-wp492-job1\source\commapitestclients\vcclient\prounicoderelease\dlgpointcontrol.obj
e:\bamboosvn\winl-wp492-job1\source\commapitestclients\vcclient\prounicoderelease\dlgadvcontrol.obj
e:\bamboosvn\winl-wp492-job1\source\commapitestclients\vcclient\prounicoderelease\clientclass.obj
e:\bamboosvn\winl-wp492-job1\source\commapitestclients\vcclient\prounicoderelease\vcclient.exe
e:\bamboosvn\winl-wp492-job1\source\commapitestclients\vcclient\prounicoderelease\vcclient.pdb
e:\bamboosvn\winl-wp492-job1\source\commapitestclients\vcclient\prounicoderelease\vcclient.tlb
e:\bamboosvn\winl-wp492-job1\source\commapitestclients\vcclient\vcclient_i.c
e:\bamboosvn\winl-wp492-job1\source\commapitestclients\vcclient\vcclient_i.h
e:\bamboosvn\winl-wp492-job1\source\commapitestclients\vcclient\prounicoderelease\vcclient.res
e:\bamboosvn\winl-wp492-job1\source\commapitestclients\vcclient\prounicoderelease\accw.tlh
e:\bamboosvn\winl-wp492-job1\source\commapitestclients\vcclient\prounicoderelease\vcclient.tlog\bscmake.command.1.tlog
e:\bamboosvn\winl-wp492-job1\source\commapitestclients\vcclient\prounicoderelease\vcclient.tlog\bscmake.read.1.tlog
e:\bamboosvn\winl-wp492-job1\source\commapitestclients\vcclient\prounicoderelease\vcclient.tlog\bscmake.write.1.tlog
e:\bamboosvn\winl-wp492-job1\source\commapitestclients\vcclient\prounicoderelease\vcclient.tlog\cl.command.1.tlog
e:\bamboosvn\winl-wp492-job1\source\commapitestclients\vcclient\prounicoderelease\vcclient.tlog\cl.read.1.tlog
e:\bamboosvn\winl-wp492-job1\source\commapitestclients\vcclient\prounicoderelease\vcclient.tlog\cl.write.1.tlog
e:\bamboosvn\winl-wp492-job1\source\commapitestclients\vcclient\prounicoderelease\vcclient.tlog\link.command.1.tlog
e:\bamboosvn\winl-wp492-job1\source\commapitestclients\vcclient\prounicoderelease\vcclient.tlog\link.read.1.tlog
e:\bamboosvn\winl-wp492-job1\source\commapitestclients\vcclient\prounicoderelease\vcclient.tlog\link.write.1.tlog
e:\bamboosvn\winl-wp492-job1\source\commapitestclients\vcclient\prounicoderelease\vcclient.tlog\midl.command.1.tlog
e:\bamboosvn\winl-wp492-job1\source\commapitestclients\vcclient\prounicoderelease\vcclient.tlog\midl.read.1.tlog
e:\bamboosvn\winl-wp492-job1\source\commapitestclients\vcclient\prounicoderelease\vcclient.tlog\midl.write.1.tlog
e:\bamboosvn\winl-wp492-job1\source\commapitestclients\vcclient\prounicoderelease\vcclient.tlog\rc.command.1.tlog
e:\bamboosvn\winl-wp492-job1\source\commapitestclients\vcclient\prounicoderelease\vcclient.tlog\rc.read.1.tlog
e:\bamboosvn\winl-wp492-job1\source\commapitestclients\vcclient\prounicoderelease\vcclient.tlog\rc.write.1.tlog
